{"uuid":"b7782168-755f-4093-b8c7-aa9e150ca307","historyId":"95c8f504365b9e7f9970dacf2bec8a6d","fullName":"EqFirstTest.createNewDefect","labels":[{"name":"package","value":"EqFirstTest"},{"name":"testClass","value":"EqFirstTest"},{"name":"testMethod","value":"createNewDefect"},{"name":"parentSuite","value":"Default Suite"},{"name":"suite","value":"EasyQa"},{"name":"subSuite","value":"EqFirstTest"},{"name":"host","value":"DESKTOP-1FMJMPT"},{"name":"thread","value":"32@DESKTOP-1FMJMPT.main(1)"}],"links":[],"name":"createNewDefect","status":"failed","statusDetails":{"known":false,"muted":false,"flaky":false,"message":"Invalid element state: element not interactable\r\nScreenshot: file:/D:/for%20VM/disc%20C/dev_test/EasyQa2/build/reports/tests/1644523523470.0.png\r\nPage source: file:/D:/for%20VM/disc%20C/dev_test/EasyQa2/build/reports/tests/1644523523470.0.html\r\nTimeout: 4 s.\r\nCaused by: ElementNotInteractableException: element not interactable","trace":"Invalid element state: element not interactable\r\nScreenshot: file:/D:/for%20VM/disc%20C/dev_test/EasyQa2/build/reports/tests/1644523523470.0.png\r\nPage source: file:/D:/for%20VM/disc%20C/dev_test/EasyQa2/build/reports/tests/1644523523470.0.html\r\nTimeout: 4 s.\r\nCaused by: ElementNotInteractableException: element not interactable\r\n\tat com.codeborne.selenide.impl.ExceptionWrapper.wrap(ExceptionWrapper.java:26)\r\n\tat com.codeborne.selenide.impl.SelenideElementProxy.dispatchAndRetry(SelenideElementProxy.java:150)\r\n\tat com.codeborne.selenide.impl.SelenideElementProxy.invoke(SelenideElementProxy.java:80)\r\n\tat com.sun.proxy.$Proxy12.sendKeys(Unknown Source)\r\n\tat com.easyqa.qa.pages.NewDefectPage.addNewIssue(NewDefectPage.java:56)\r\n\tat EqFirstTest.createNewDefect(EqFirstTest.java:71)\r\n\tat sun.reflect.NativeMethodAccessorImpl.invoke0(Native Method)\r\n\tat sun.reflect.NativeMethodAccessorImpl.invoke(NativeMethodAccessorImpl.java:62)\r\n\tat sun.reflect.DelegatingMethodAccessorImpl.invoke(DelegatingMethodAccessorImpl.java:43)\r\n\tat java.lang.reflect.Method.invoke(Method.java:498)\r\n\tat org.testng.internal.MethodInvocationHelper.invokeMethod(MethodInvocationHelper.java:133)\r\n\tat org.testng.internal.TestInvoker.invokeMethod(TestInvoker.java:584)\r\n\tat org.testng.internal.TestInvoker.invokeTestMethod(TestInvoker.java:172)\r\n\tat org.testng.internal.MethodRunner.runInSequence(MethodRunner.java:46)\r\n\tat org.testng.internal.TestInvoker$MethodInvocationAgent.invoke(TestInvoker.java:804)\r\n\tat org.testng.internal.TestInvoker.invokeTestMethods(TestInvoker.java:145)\r\n\tat org.testng.internal.TestMethodWorker.invokeTestMethods(TestMethodWorker.java:146)\r\n\tat org.testng.internal.TestMethodWorker.run(TestMethodWorker.java:128)\r\n\tat java.util.ArrayList.forEach(ArrayList.java:1259)\r\n\tat org.testng.TestRunner.privateRun(TestRunner.java:770)\r\n\tat org.testng.TestRunner.run(TestRunner.java:591)\r\n\tat org.testng.SuiteRunner.runTest(SuiteRunner.java:402)\r\n\tat org.testng.SuiteRunner.runSequentially(SuiteRunner.java:396)\r\n\tat org.testng.SuiteRunner.privateRun(SuiteRunner.java:355)\r\n\tat org.testng.SuiteRunner.run(SuiteRunner.java:304)\r\n\tat org.testng.SuiteRunnerWorker.runSuite(SuiteRunnerWorker.java:53)\r\n\tat org.testng.SuiteRunnerWorker.run(SuiteRunnerWorker.java:96)\r\n\tat org.testng.TestNG.runSuitesSequentially(TestNG.java:1180)\r\n\tat org.testng.TestNG.runSuitesLocally(TestNG.java:1102)\r\n\tat org.testng.TestNG.runSuites(TestNG.java:1032)\r\n\tat org.testng.TestNG.run(TestNG.java:1000)\r\n\tat com.intellij.rt.testng.IDEARemoteTestNG.run(IDEARemoteTestNG.java:66)\r\n\tat com.intellij.rt.testng.RemoteTestNGStarter.main(RemoteTestNGStarter.java:109)\r\nCaused by: org.openqa.selenium.ElementNotInteractableException: element not interactable\n  (Session info: chrome=98.0.4758.82)\nBuild info: version: '3.141.59', revision: 'e82be7d358', time: '2018-11-14T08:17:03'\nSystem info: host: 'DESKTOP-1FMJMPT', ip: '26.6.174.70', os.name: 'Windows 10', os.arch: 'amd64', os.version: '10.0', java.version: '1.8.0_271'\nDriver info: org.openqa.selenium.chrome.ChromeDriver\nCapabilities {acceptInsecureCerts: true, browserName: chrome, browserVersion: 98.0.4758.82, chrome: {chromedriverVersion: 98.0.4758.80 (7f0488e8ba0d8..., userDataDir: C:\\Users\\73B5~1\\AppData\\Loc...}, goog:chromeOptions: {debuggerAddress: localhost:64658}, javascriptEnabled: true, networkConnectionEnabled: false, pageLoadStrategy: normal, platform: WINDOWS, platformName: WINDOWS, proxy: Proxy(), setWindowRect: true, strictFileInteractability: false, timeouts: {implicit: 0, pageLoad: 300000, script: 30000}, unhandledPromptBehavior: dismiss and notify, webauthn:extension:credBlob: true, webauthn:extension:largeBlob: true, webauthn:virtualAuthenticators: true}\nSession ID: 800090506ae95c3a305a30afde8881dd\r\n\tat sun.reflect.NativeConstructorAccessorImpl.newInstance0(Native Method)\r\n\tat sun.reflect.NativeConstructorAccessorImpl.newInstance(NativeConstructorAccessorImpl.java:62)\r\n\tat sun.reflect.DelegatingConstructorAccessorImpl.newInstance(DelegatingConstructorAccessorImpl.java:45)\r\n\tat java.lang.reflect.Constructor.newInstance(Constructor.java:423)\r\n\tat org.openqa.selenium.remote.http.W3CHttpResponseCodec.createException(W3CHttpResponseCodec.java:187)\r\n\tat org.openqa.selenium.remote.http.W3CHttpResponseCodec.decode(W3CHttpResponseCodec.java:122)\r\n\tat org.openqa.selenium.remote.http.W3CHttpResponseCodec.decode(W3CHttpResponseCodec.java:49)\r\n\tat org.openqa.selenium.remote.HttpCommandExecutor.execute(HttpCommandExecutor.java:158)\r\n\tat org.openqa.selenium.remote.service.DriverCommandExecutor.execute(DriverCommandExecutor.java:83)\r\n\tat org.openqa.selenium.remote.RemoteWebDriver.execute(RemoteWebDriver.java:552)\r\n\tat org.openqa.selenium.remote.RemoteWebElement.execute(RemoteWebElement.java:285)\r\n\tat org.openqa.selenium.remote.RemoteWebElement.sendKeys(RemoteWebElement.java:106)\r\n\tat sun.reflect.NativeMethodAccessorImpl.invoke0(Native Method)\r\n\tat sun.reflect.NativeMethodAccessorImpl.invoke(NativeMethodAccessorImpl.java:62)\r\n\tat sun.reflect.DelegatingMethodAccessorImpl.invoke(DelegatingMethodAccessorImpl.java:43)\r\n\tat java.lang.reflect.Method.invoke(Method.java:498)\r\n\tat com.codeborne.selenide.impl.SelenideElementProxy.dispatchAndRetry(SelenideElementProxy.java:131)\r\n\t... 31 more\r\n"},"stage":"finished","start":1644523502946,"stop":1644523523771,"parameters":[]}